<?xml version="1.0" encoding="UTF-8"?>
<!-- Generated by org.testng.reporters.JUnitReportReporter -->
<testsuite hostname="DESKTOP-L5NGBOT" failures="0" tests="1" name="TestCases.TC2" time="0.000" errors="0" timestamp="2024-01-26T19:34:46 IST" skipped="1">
  <testcase classname="TestCases.TC2" name="putRequest" time="0.000">
    <skipped/>
  </testcase> <!-- putRequest -->
</testsuite> <!-- TestCases.TC2 -->
