<?xml version="1.0" encoding="UTF-8"?>
<!-- Generated by org.testng.reporters.JUnitReportReporter -->
<testsuite hostname="DESKTOP-L5NGBOT" failures="0" tests="13" name="test.java.platform.api.EnviromentSetup" time="0.000" errors="0" timestamp="2024-01-26T19:34:47 IST" skipped="13">
  <testcase classname="test.java.platform.api.EnviromentSetup" name="createUserinEnvironmentSetup" time="0.000">
    <skipped/>
  </testcase> <!-- createUserinEnvironmentSetup -->
  <testcase classname="test.java.platform.api.EnviromentSetup" name="createAdminAppinEnvironmentSetup" time="0.000">
    <skipped/>
  </testcase> <!-- createAdminAppinEnvironmentSetup -->
  <testcase classname="test.java.platform.api.EnviromentSetup" name="genereateJWTtokeninEnvironmentSetup" time="0.000">
    <skipped/>
  </testcase> <!-- genereateJWTtokeninEnvironmentSetup -->
  <testcase classname="test.java.platform.api.EnviromentSetup" name="uploadFileinEnvironmentSetup" time="0.000">
    <skipped/>
  </testcase> <!-- uploadFileinEnvironmentSetup -->
  <testcase classname="test.java.platform.api.EnviromentSetup" name="importBotinEnvironmentSetup" time="0.000">
    <skipped/>
  </testcase> <!-- importBotinEnvironmentSetup -->
  <testcase classname="test.java.platform.api.EnviromentSetup" name="importBotStatusinEnvironmentSetup" time="0.000">
    <skipped/>
  </testcase> <!-- importBotStatusinEnvironmentSetup -->
  <testcase classname="test.java.platform.api.EnviromentSetup" name="configuringENVvarinEnvironmentSetup" time="0.000">
    <skipped/>
  </testcase> <!-- configuringENVvarinEnvironmentSetup -->
  <testcase classname="test.java.platform.api.EnviromentSetup" name="createbuilderAppnonAdmininEnvironmentSetup" time="0.000">
    <skipped/>
  </testcase> <!-- createbuilderAppnonAdmininEnvironmentSetup -->
  <testcase classname="test.java.platform.api.EnviromentSetup" name="enableRTMinEnvironmentSetup" time="0.000">
    <skipped/>
  </testcase> <!-- enableRTMinEnvironmentSetup -->
  <testcase classname="test.java.platform.api.EnviromentSetup" name="genereateJWTtokenforNonAmdinAppinEnvironmentSetup" time="0.000">
    <skipped/>
  </testcase> <!-- genereateJWTtokenforNonAmdinAppinEnvironmentSetup -->
  <testcase classname="test.java.platform.api.EnviromentSetup" name="publishbotinEnvironmentSetup" time="0.000">
    <skipped/>
  </testcase> <!-- publishbotinEnvironmentSetup -->
  <testcase classname="test.java.platform.api.EnviromentSetup" name="getRoleinEnvironmentSetup" time="0.000">
    <skipped/>
  </testcase> <!-- getRoleinEnvironmentSetup -->
  <testcase classname="test.java.platform.api.EnviromentSetup" name="AddingDeveloperasOwnerinEnvironmentSetup" time="0.000">
    <skipped/>
  </testcase> <!-- AddingDeveloperasOwnerinEnvironmentSetup -->
</testsuite> <!-- test.java.platform.api.EnviromentSetup -->
