<?xml version="1.0" encoding="UTF-8"?>
<!-- Generated by org.testng.reporters.JUnitReportReporter -->
<testsuite hostname="DESKTOP-L5NGBOT" failures="0" tests="16" name="test.java.platform.api.KnowledgeCollection" time="0.001" errors="0" timestamp="2024-01-26T19:34:47 IST" skipped="16">
  <testcase classname="test.java.platform.api.KnowledgeCollection" name="createUserinKnowledgeCollection" time="0.000">
    <skipped/>
  </testcase> <!-- createUserinKnowledgeCollection -->
  <testcase classname="test.java.platform.api.KnowledgeCollection" name="createAdminAppinKnowledgeCollection" time="0.000">
    <skipped/>
  </testcase> <!-- createAdminAppinKnowledgeCollection -->
  <testcase classname="test.java.platform.api.KnowledgeCollection" name="genereateJWTtokeninKnowledgeCollection" time="0.000">
    <skipped/>
  </testcase> <!-- genereateJWTtokeninKnowledgeCollection -->
  <testcase classname="test.java.platform.api.KnowledgeCollection" name="cloningSmapleBotinKnowledgeCollection" time="0.000">
    <skipped/>
  </testcase> <!-- cloningSmapleBotinKnowledgeCollection -->
  <testcase classname="test.java.platform.api.KnowledgeCollection" name="clonedBotSetupinKnowledgeCollection" time="0.000">
    <skipped/>
  </testcase> <!-- clonedBotSetupinKnowledgeCollection -->
  <testcase classname="test.java.platform.api.KnowledgeCollection" name="createbuilderAppnonAdmininKnowledgeCollection" time="0.001">
    <skipped/>
  </testcase> <!-- createbuilderAppnonAdmininKnowledgeCollection -->
  <testcase classname="test.java.platform.api.KnowledgeCollection" name="enableRTMinKnowledgeCollection" time="0.000">
    <skipped/>
  </testcase> <!-- enableRTMinKnowledgeCollection -->
  <testcase classname="test.java.platform.api.KnowledgeCollection" name="getRoleinKnowledgeCollection" time="0.000">
    <skipped/>
  </testcase> <!-- getRoleinKnowledgeCollection -->
  <testcase classname="test.java.platform.api.KnowledgeCollection" name="AddingDeveloperasOwnerinKnowledgeCollection" time="0.000">
    <skipped/>
  </testcase> <!-- AddingDeveloperasOwnerinKnowledgeCollection -->
  <testcase classname="test.java.platform.api.KnowledgeCollection" name="ExtractFAQsinKnowledgeCollection" time="0.000">
    <skipped/>
  </testcase> <!-- ExtractFAQsinKnowledgeCollection -->
  <testcase classname="test.java.platform.api.KnowledgeCollection" name="GetQsofExtractinKnowledgeCollection" time="0.000">
    <skipped/>
  </testcase> <!-- GetQsofExtractinKnowledgeCollection -->
  <testcase classname="test.java.platform.api.KnowledgeCollection" name="GetKTofTaskofCollectioninKnowledgeCollection" time="0.000">
    <skipped/>
  </testcase> <!-- GetKTofTaskofCollectioninKnowledgeCollection -->
  <testcase classname="test.java.platform.api.KnowledgeCollection" name="AddQstoCollectioninKnowledgeCollection" time="0.000">
    <skipped/>
  </testcase> <!-- AddQstoCollectioninKnowledgeCollection -->
  <testcase classname="test.java.platform.api.KnowledgeCollection" name="publishbotinKnowledgeCollection" time="0.000">
    <skipped/>
  </testcase> <!-- publishbotinKnowledgeCollection -->
  <testcase classname="test.java.platform.api.KnowledgeCollection" name="GetFAQsCollectioninKnowledgeCollection" time="0.000">
    <skipped/>
  </testcase> <!-- GetFAQsCollectioninKnowledgeCollection -->
  <testcase classname="test.java.platform.api.KnowledgeCollection" name="GetExtractsofCollectioninKnowledgeCollection" time="0.000">
    <skipped/>
  </testcase> <!-- GetExtractsofCollectioninKnowledgeCollection -->
</testsuite> <!-- test.java.platform.api.KnowledgeCollection -->
