<?xml version="1.0" encoding="UTF-8"?>
<!-- Generated by org.testng.reporters.JUnitReportReporter -->
<testsuite hostname="DESKTOP-L5NGBOT" failures="0" tests="13" name="test.java.platform.api.SearchSkill" time="0.000" errors="0" timestamp="2024-01-26T19:34:47 IST" skipped="13">
  <testcase classname="test.java.platform.api.SearchSkill" name="createUserinSearchSkill" time="0.000">
    <skipped/>
  </testcase> <!-- createUserinSearchSkill -->
  <testcase classname="test.java.platform.api.SearchSkill" name="createAdminAppinSearchSkill" time="0.000">
    <skipped/>
  </testcase> <!-- createAdminAppinSearchSkill -->
  <testcase classname="test.java.platform.api.SearchSkill" name="genereateJWTtokeninSearchSkill" time="0.000">
    <skipped/>
  </testcase> <!-- genereateJWTtokeninSearchSkill -->
  <testcase classname="test.java.platform.api.SearchSkill" name="cloningSmapleBotinSearchSkill" time="0.000">
    <skipped/>
  </testcase> <!-- cloningSmapleBotinSearchSkill -->
  <testcase classname="test.java.platform.api.SearchSkill" name="clonedBotSetupinSearchSkill" time="0.000">
    <skipped/>
  </testcase> <!-- clonedBotSetupinSearchSkill -->
  <testcase classname="test.java.platform.api.SearchSkill" name="configuringENVvarinSearchSkill" time="0.000">
    <skipped/>
  </testcase> <!-- configuringENVvarinSearchSkill -->
  <testcase classname="test.java.platform.api.SearchSkill" name="createbuilderAppnonAdmininSearchSkill" time="0.000">
    <skipped/>
  </testcase> <!-- createbuilderAppnonAdmininSearchSkill -->
  <testcase classname="test.java.platform.api.SearchSkill" name="getRoleinSearchSkill">
    <skipped/>
  </testcase> <!-- getRoleinSearchSkill -->
  <testcase classname="test.java.platform.api.SearchSkill" name="genereateJWTtokenforNonAmdinAppinSearchSkill">
    <skipped/>
  </testcase> <!-- genereateJWTtokenforNonAmdinAppinSearchSkill -->
  <testcase classname="test.java.platform.api.SearchSkill" name="triggerWebHookinSearchSkill">
    <skipped/>
  </testcase> <!-- triggerWebHookinSearchSkill -->
  <testcase classname="test.java.platform.api.SearchSkill" name="publishbotinSearchSkill">
    <skipped/>
  </testcase> <!-- publishbotinSearchSkill -->
  <testcase classname="test.java.platform.api.SearchSkill" name="enableWebHookinSearchSkill">
    <skipped/>
  </testcase> <!-- enableWebHookinSearchSkill -->
  <testcase classname="test.java.platform.api.SearchSkill" name="AddingDeveloperasOwnerinSearchSkill">
    <skipped/>
  </testcase> <!-- AddingDeveloperasOwnerinSearchSkill -->
</testsuite> <!-- test.java.platform.api.SearchSkill -->
