<?xml version="1.0" encoding="UTF-8"?>
<!-- Generated by org.testng.reporters.JUnitReportReporter -->
<testsuite hostname="DESKTOP-L5NGBOT" failures="0" tests="16" name="test.java.platform.api.TenantOnboarding" time="0.003" errors="0" timestamp="2024-01-26T19:34:46 IST" skipped="16">
  <testcase classname="test.java.platform.api.TenantOnboarding" name="createUserinTenantOnboarding" time="0.000">
    <skipped/>
  </testcase> <!-- createUserinTenantOnboarding -->
  <testcase classname="test.java.platform.api.TenantOnboarding" name="createAdminAppinTenantOnboarding" time="0.000">
    <skipped/>
  </testcase> <!-- createAdminAppinTenantOnboarding -->
  <testcase classname="test.java.platform.api.TenantOnboarding" name="genereateJWTtokeninTenantOnboarding" time="0.000">
    <skipped/>
  </testcase> <!-- genereateJWTtokeninTenantOnboarding -->
  <testcase classname="test.java.platform.api.TenantOnboarding" name="cloningSmapleBotinTenantOnboarding" time="0.000">
    <skipped/>
  </testcase> <!-- cloningSmapleBotinTenantOnboarding -->
  <testcase classname="test.java.platform.api.TenantOnboarding" name="clonedBotSetupinTenantOnboarding" time="0.000">
    <skipped/>
  </testcase> <!-- clonedBotSetupinTenantOnboarding -->
  <testcase classname="test.java.platform.api.TenantOnboarding" name="createbuilderAppnforUBinTenantOnboarding" time="0.001">
    <skipped/>
  </testcase> <!-- createbuilderAppnforUBinTenantOnboarding -->
  <testcase classname="test.java.platform.api.TenantOnboarding" name="enableRTMforUBbuilderAPPinTenantOnboarding" time="0.000">
    <skipped/>
  </testcase> <!-- enableRTMforUBbuilderAPPinTenantOnboarding -->
  <testcase classname="test.java.platform.api.TenantOnboarding" name="genereateJWTtokenUB_BuilderAppinTenantOnboarding" time="0.000">
    <skipped/>
  </testcase> <!-- genereateJWTtokenUB_BuilderAppinTenantOnboarding -->
  <testcase classname="test.java.platform.api.TenantOnboarding" name="uploadFileinTenantOnboarding" time="0.001">
    <skipped/>
  </testcase> <!-- uploadFileinTenantOnboarding -->
  <testcase classname="test.java.platform.api.TenantOnboarding" name="importBotinTenantOnboarding" time="0.000">
    <skipped/>
  </testcase> <!-- importBotinTenantOnboarding -->
  <testcase classname="test.java.platform.api.TenantOnboarding" name="importBotStatusinTenantOnboarding" time="0.001">
    <skipped/>
  </testcase> <!-- importBotStatusinTenantOnboarding -->
  <testcase classname="test.java.platform.api.TenantOnboarding" name="createbuilderAppNONAdmininTenantOnboarding" time="0.000">
    <skipped/>
  </testcase> <!-- createbuilderAppNONAdmininTenantOnboarding -->
  <testcase classname="test.java.platform.api.TenantOnboarding" name="enableRTMinTenantOnboarding" time="0.000">
    <skipped/>
  </testcase> <!-- enableRTMinTenantOnboarding -->
  <testcase classname="test.java.platform.api.TenantOnboarding" name="genereateJWTtokenbuilderappinTenantOnboarding" time="0.000">
    <skipped/>
  </testcase> <!-- genereateJWTtokenbuilderappinTenantOnboarding -->
  <testcase classname="test.java.platform.api.TenantOnboarding" name="publishbotStandardBotinTenantOnboarding" time="0.000">
    <skipped/>
  </testcase> <!-- publishbotStandardBotinTenantOnboarding -->
  <testcase classname="test.java.platform.api.TenantOnboarding" name="linkChildBotinTenantOnboarding" time="0.000">
    <skipped/>
  </testcase> <!-- linkChildBotinTenantOnboarding -->
</testsuite> <!-- test.java.platform.api.TenantOnboarding -->
