<?xml version="1.0" encoding="UTF-8"?>
<!-- Generated by org.testng.reporters.JUnitReportReporter -->
<testsuite hostname="DESKTOP-L5NGBOT" failures="0" tests="1" name="test.java.platform.api.testt" time="0.000" errors="0" timestamp="2024-01-26T19:34:47 IST" skipped="1">
  <testcase classname="test.java.platform.api.testt" name="sampletest" time="0.000">
    <skipped/>
  </testcase> <!-- sampletest -->
</testsuite> <!-- test.java.platform.api.testt -->
