<?xml version="1.0" encoding="UTF-8"?>
<!-- Generated by org.testng.reporters.JUnitReportReporter -->
<testsuite hostname="DESKTOP-L5NGBOT" failures="0" tests="2" name="TestCases.TC3" time="0.040" errors="1" timestamp="2024-01-26T19:34:47 IST" skipped="1">
  <testcase classname="TestCases.TC3" name="getUpdatedPetId" time="0.000">
    <skipped/>
  </testcase> <!-- getUpdatedPetId -->
  <testcase classname="TestCases.TC3" name="startTest" time="0.040">
    <error message="Unresolved compilation problems: 
	The constructor ExtentReports(String, boolean) is undefined
	The method startTest(String) is undefined for the type ExtentReports
	reporter cannot be resolved
	extentReports cannot be resolved
	extentReports cannot be resolved
	extent cannot be resolved
	extentReports cannot be resolved to a variable
" type="java.lang.Error">
      <![CDATA[java.lang.Error: Unresolved compilation problems: 
The constructor ExtentReports(String, boolean) is undefined
The method startTest(String) is undefined for the type ExtentReports
reporter cannot be resolved
extentReports cannot be resolved
extentReports cannot be resolved
extent cannot be resolved
extentReports cannot be resolved to a variable

at Utilites.baseTest.startTest(baseTest.java:29)
at java.base/jdk.internal.reflect.DirectMethodHandleAccessor.invoke(DirectMethodHandleAccessor.java:104)
at java.base/java.lang.reflect.Method.invoke(Method.java:578)
at org.testng.internal.invokers.MethodInvocationHelper.invokeMethod(MethodInvocationHelper.java:139)
at org.testng.internal.invokers.MethodInvocationHelper.invokeMethodConsideringTimeout(MethodInvocationHelper.java:69)
at org.testng.internal.invokers.ConfigInvoker.invokeConfigurationMethod(ConfigInvoker.java:393)
at org.testng.internal.invokers.ConfigInvoker.invokeConfigurations(ConfigInvoker.java:326)
at org.testng.SuiteRunner.privateRun(SuiteRunner.java:382)
at org.testng.SuiteRunner.run(SuiteRunner.java:336)
at org.testng.SuiteRunnerWorker.runSuite(SuiteRunnerWorker.java:52)
at org.testng.SuiteRunnerWorker.run(SuiteRunnerWorker.java:95)
at org.testng.TestNG.runSuitesSequentially(TestNG.java:1301)
at org.testng.TestNG.runSuitesLocally(TestNG.java:1228)
at org.testng.TestNG.runSuites(TestNG.java:1134)
at org.testng.TestNG.run(TestNG.java:1101)
at org.testng.remote.AbstractRemoteTestNG.run(AbstractRemoteTestNG.java:115)
at org.testng.remote.RemoteTestNG.initAndRun(RemoteTestNG.java:251)
at org.testng.remote.RemoteTestNG.main(RemoteTestNG.java:77)
]]>
    </error>
  </testcase> <!-- startTest -->
</testsuite> <!-- TestCases.TC3 -->
